<?xml version="1.0" encoding="UTF-8"?>
<testsuite xmlns:xsi="http://www.w3.org/2001/XMLSchema-instance" xsi:noNamespaceSchemaLocation="https://maven.apache.org/surefire/maven-surefire-plugin/xsd/surefire-test-report-3.0.xsd" version="3.0" name="TestSuite" time="28.002" tests="4" errors="0" skipped="2" failures="1">
  <properties>
[...]
</properties>
  <testcase name="OpenApp" classname="regression.Fpk_login_gen" time="6.709">
    <failure message="session not created: This version of ChromeDriver only supports Chrome version 79&#10;Build info: version: &apos;3.141.59&apos;, revision: &apos;e82be7d358&apos;, time: &apos;2018-11-14T08:17:03&apos;&#10;System info: host: &apos;IDEA-PC&apos;, ip: &apos;192.168.43.173&apos;, os.name: &apos;Windows 8&apos;, os.arch: &apos;x86&apos;, os.version: &apos;6.2&apos;, java.version: &apos;1.8.0_181&apos;&#10;Driver info: driver.version: ChromeDriver&#10;remote stacktrace: Backtrace:&#10;	Ordinal0 [0x013FA113+1548563]&#10;	Ordinal0 [0x0137DDA1+1039777]&#10;	Ordinal0 [0x012FE485+517253]&#10;	Ordinal0 [0x0128FD34+64820]&#10;	Ordinal0 [0x0128C61E+50718]&#10;	Ordinal0 [0x012AB797+178071]&#10;	Ordinal0 [0x012AB59D+177565]&#10;	Ordinal0 [0x012A95FB+169467]&#10;	Ordinal0 [0x0129160A+71178]&#10;	Ordinal0 [0x01292690+75408]&#10;	Ordinal0 [0x01292629+75305]&#10;	Ordinal0 [0x013971B7+1143223]&#10;	GetHandleVerifier [0x01492B46+507814]&#10;	GetHandleVerifier [0x01492864+507076]&#10;	GetHandleVerifier [0x01499F47+537511]&#10;	GetHandleVerifier [0x01493402+510050]&#10;	Ordinal0 [0x0138F29C+1110684]&#10;	Ordinal0 [0x0139938B+1151883]&#10;	Ordinal0 [0x013994F3+1152243]&#10;	Ordinal0 [0x013983F5+1147893]&#10;	BaseThreadInitThunk [0x74E58543+14]&#10;	RtlInitializeExceptionChain [0x777BAC69+133]&#10;	RtlInitializeExceptionChain [0x777BAC3C+88]&#10;" type="org.openqa.selenium.SessionNotCreatedException"><![CDATA[org.openqa.selenium.SessionNotCreatedException: 
session not created: This version of ChromeDriver only supports Chrome version 79
Build info: version: '3.141.59', revision: 'e82be7d358', time: '2018-11-14T08:17:03'
System info: host: 'IDEA-PC', ip: '192.168.43.173', os.name: 'Windows 8', os.arch: 'x86', os.version: '6.2', java.version: '1.8.0_181'
Driver info: driver.version: ChromeDriver
remote stacktrace: Backtrace:
	Ordinal0 [0x013FA113+1548563]
	Ordinal0 [0x0137DDA1+1039777]
	Ordinal0 [0x012FE485+517253]
	Ordinal0 [0x0128FD34+64820]
	Ordinal0 [0x0128C61E+50718]
	Ordinal0 [0x012AB797+178071]
	Ordinal0 [0x012AB59D+177565]
	Ordinal0 [0x012A95FB+169467]
	Ordinal0 [0x0129160A+71178]
	Ordinal0 [0x01292690+75408]
	Ordinal0 [0x01292629+75305]
	Ordinal0 [0x013971B7+1143223]
	GetHandleVerifier [0x01492B46+507814]
	GetHandleVerifier [0x01492864+507076]
	GetHandleVerifier [0x01499F47+537511]
	GetHandleVerifier [0x01493402+510050]
	Ordinal0 [0x0138F29C+1110684]
	Ordinal0 [0x0139938B+1151883]
	Ordinal0 [0x013994F3+1152243]
	Ordinal0 [0x013983F5+1147893]
	BaseThreadInitThunk [0x74E58543+14]
	RtlInitializeExceptionChain [0x777BAC69+133]
	RtlInitializeExceptionChain [0x777BAC3C+88]

]]></failure>
    <system-err><![CDATA[Starting ChromeDriver 79.0.3945.36 (3582db32b33893869b8c1339e8f4d9ed1816f143-refs/branch-heads/3945@{#614}) on port 46310
Only local connections are allowed.
Please protect ports used by ChromeDriver and related test frameworks to prevent access by malicious code.
1588313116305	mozrunner::runner	INFO	Running command: "C:\\Program Files (x86)\\Mozilla Firefox\\firefox.exe" "-marionette" "-foreground" "-no-remote" "-profile" "C:\\Users\\Nitesh\\AppData\\Local\\Temp\\rust_mozprofile.vBKpMJpRKgM6"
]]></system-err>
  </testcase>
  <testcase name="login" classname="regression.Fpk_login_gen" time="0">
    <skipped message="session not created: This version of ChromeDriver only supports Chrome version 79&#10;Build info: version: &apos;3.141.59&apos;, revision: &apos;e82be7d358&apos;, time: &apos;2018-11-14T08:17:03&apos;&#10;System info: host: &apos;IDEA-PC&apos;, ip: &apos;192.168.43.173&apos;, os.name: &apos;Windows 8&apos;, os.arch: &apos;x86&apos;, os.version: &apos;6.2&apos;, java.version: &apos;1.8.0_181&apos;&#10;Driver info: driver.version: ChromeDriver&#10;remote stacktrace: Backtrace:&#10;	Ordinal0 [0x013FA113+1548563]&#10;	Ordinal0 [0x0137DDA1+1039777]&#10;	Ordinal0 [0x012FE485+517253]&#10;	Ordinal0 [0x0128FD34+64820]&#10;	Ordinal0 [0x0128C61E+50718]&#10;	Ordinal0 [0x012AB797+178071]&#10;	Ordinal0 [0x012AB59D+177565]&#10;	Ordinal0 [0x012A95FB+169467]&#10;	Ordinal0 [0x0129160A+71178]&#10;	Ordinal0 [0x01292690+75408]&#10;	Ordinal0 [0x01292629+75305]&#10;	Ordinal0 [0x013971B7+1143223]&#10;	GetHandleVerifier [0x01492B46+507814]&#10;	GetHandleVerifier [0x01492864+507076]&#10;	GetHandleVerifier [0x01499F47+537511]&#10;	GetHandleVerifier [0x01493402+510050]&#10;	Ordinal0 [0x0138F29C+1110684]&#10;	Ordinal0 [0x0139938B+1151883]&#10;	Ordinal0 [0x013994F3+1152243]&#10;	Ordinal0 [0x013983F5+1147893]&#10;	BaseThreadInitThunk [0x74E58543+14]&#10;	RtlInitializeExceptionChain [0x777BAC69+133]&#10;	RtlInitializeExceptionChain [0x777BAC3C+88]&#10;"/>
  </testcase>
  <testcase name="login" classname="regression.Fpk_login_gen" time="1.867"/>
  <testcase name="closeApp" classname="regression.Fpk_login_gen" time="0">
    <skipped/>
  </testcase>
</testsuite>